app/build/intermediates/manifest_merge_blame_file/debug/manifest-merger-blame-debug-report.txt
1<?xml version="1.0" encoding="utf-8"?>
2<manifest xmlns:android="http://schemas.android.com/apk/res/android"
3    package="com.alvaronolasco.creditcardtracker"
4    android:versionCode="1"
5    android:versionName="1.0" >
6
7    <uses-sdk
8        android:minSdkVersion="26"
9        android:targetSdkVersion="34" />
10
11    <uses-feature
11-->src/main/AndroidManifest.xml:4:5-6:36
12        android:name="android.hardware.camera"
12-->src/main/AndroidManifest.xml:5:9-47
13        android:required="false" />
13-->src/main/AndroidManifest.xml:6:9-33
14
15    <uses-permission android:name="android.permission.CAMERA" />
15-->src/main/AndroidManifest.xml:8:5-65
15-->src/main/AndroidManifest.xml:8:22-62
16    <uses-permission android:name="android.permission.POST_NOTIFICATIONS" />
16-->src/main/AndroidManifest.xml:9:5-77
16-->src/main/AndroidManifest.xml:9:22-74
17    <uses-permission android:name="android.permission.RECEIVE_BOOT_COMPLETED" />
17-->src/main/AndroidManifest.xml:10:5-81
17-->src/main/AndroidManifest.xml:10:22-78
18    <uses-permission android:name="android.permission.SCHEDULE_EXACT_ALARM" />
18-->src/main/AndroidManifest.xml:11:5-79
18-->src/main/AndroidManifest.xml:11:22-76
19    <uses-permission android:name="android.permission.USE_EXACT_ALARM" />
19-->src/main/AndroidManifest.xml:12:5-74
19-->src/main/AndroidManifest.xml:12:22-71
20    <uses-permission android:name="android.permission.WAKE_LOCK" />
20-->[androidx.work:work-runtime:2.7.1] AndroidManifest.xml:25:5-68
20-->[androidx.work:work-runtime:2.7.1] AndroidManifest.xml:25:22-65
21    <uses-permission android:name="android.permission.ACCESS_NETWORK_STATE" />
21-->[androidx.work:work-runtime:2.7.1] AndroidManifest.xml:26:5-79
21-->[androidx.work:work-runtime:2.7.1] AndroidManifest.xml:26:22-76
22    <uses-permission android:name="android.permission.FOREGROUND_SERVICE" />
22-->[androidx.work:work-runtime:2.7.1] AndroidManifest.xml:28:5-77
22-->[androidx.work:work-runtime:2.7.1] AndroidManifest.xml:28:22-74
23
24    <permission
24-->[androidx.core:core:1.12.0] AndroidManifest.xml:22:5-24:47
25        android:name="com.alvaronolasco.creditcardtracker.DYNAMIC_RECEIVER_NOT_EXPORTED_PERMISSION"
25-->[androidx.core:core:1.12.0] AndroidManifest.xml:23:9-81
26        android:protectionLevel="signature" />
26-->[androidx.core:core:1.12.0] AndroidManifest.xml:24:9-44
27
28    <uses-permission android:name="com.alvaronolasco.creditcardtracker.DYNAMIC_RECEIVER_NOT_EXPORTED_PERMISSION" />
28-->[androidx.core:core:1.12.0] AndroidManifest.xml:26:5-97
28-->[androidx.core:core:1.12.0] AndroidManifest.xml:26:22-94
29    <uses-permission android:name="android.permission.INTERNET" />
29-->[com.google.android.datatransport:transport-backend-cct:2.3.3] AndroidManifest.xml:26:5-67
29-->[com.google.android.datatransport:transport-backend-cct:2.3.3] AndroidManifest.xml:26:22-64
30
31    <application
31-->src/main/AndroidManifest.xml:14:5-68:19
32        android:name="com.alvaronolasco.creditcardtracker.CreditCardTrackerApp"
32-->src/main/AndroidManifest.xml:15:9-45
33        android:allowBackup="true"
33-->src/main/AndroidManifest.xml:16:9-35
34        android:appComponentFactory="androidx.core.app.CoreComponentFactory"
34-->[androidx.core:core:1.12.0] AndroidManifest.xml:28:18-86
35        android:dataExtractionRules="@xml/data_extraction_rules"
35-->src/main/AndroidManifest.xml:17:9-65
36        android:debuggable="true"
37        android:extractNativeLibs="false"
38        android:fullBackupContent="@xml/backup_rules"
38-->src/main/AndroidManifest.xml:18:9-54
39        android:hardwareAccelerated="true"
39-->src/main/AndroidManifest.xml:24:9-43
40        android:icon="@mipmap/ic_launcher"
40-->src/main/AndroidManifest.xml:19:9-43
41        android:label="@string/app_name"
41-->src/main/AndroidManifest.xml:20:9-41
42        android:roundIcon="@mipmap/ic_launcher_round"
42-->src/main/AndroidManifest.xml:21:9-54
43        android:supportsRtl="true"
43-->src/main/AndroidManifest.xml:22:9-35
44        android:testOnly="true"
45        android:theme="@style/Theme.CreditCardTracker" >
45-->src/main/AndroidManifest.xml:23:9-55
46        <activity
46-->src/main/AndroidManifest.xml:26:9-34:20
47            android:name="com.alvaronolasco.creditcardtracker.MainActivity"
47-->src/main/AndroidManifest.xml:27:13-41
48            android:exported="true"
48-->src/main/AndroidManifest.xml:28:13-36
49            android:theme="@style/Theme.CreditCardTracker" >
49-->src/main/AndroidManifest.xml:29:13-59
50            <intent-filter>
50-->src/main/AndroidManifest.xml:30:13-33:29
51                <action android:name="android.intent.action.MAIN" />
51-->src/main/AndroidManifest.xml:31:17-69
51-->src/main/AndroidManifest.xml:31:25-66
52
53                <category android:name="android.intent.category.LAUNCHER" />
53-->src/main/AndroidManifest.xml:32:17-77
53-->src/main/AndroidManifest.xml:32:27-74
54            </intent-filter>
55        </activity>
56
57        <receiver
57-->src/main/AndroidManifest.xml:36:9-38:40
58            android:name="com.alvaronolasco.creditcardtracker.notifications.ReminderReceiver"
58-->src/main/AndroidManifest.xml:37:13-59
59            android:exported="false" />
59-->src/main/AndroidManifest.xml:38:13-37
60        <receiver
60-->src/main/AndroidManifest.xml:40:9-46:20
61            android:name="com.alvaronolasco.creditcardtracker.notifications.BootReceiver"
61-->src/main/AndroidManifest.xml:41:13-55
62            android:exported="true" >
62-->src/main/AndroidManifest.xml:42:13-36
63            <intent-filter>
63-->src/main/AndroidManifest.xml:43:13-45:29
64                <action android:name="android.intent.action.BOOT_COMPLETED" />
64-->src/main/AndroidManifest.xml:44:17-79
64-->src/main/AndroidManifest.xml:44:25-76
65            </intent-filter>
66        </receiver>
67        <receiver
67-->src/main/AndroidManifest.xml:48:9-57:20
68            android:name="com.alvaronolasco.creditcardtracker.widget.CreditCardWidgetReceiver"
68-->src/main/AndroidManifest.xml:49:13-60
69            android:exported="false" >
69-->src/main/AndroidManifest.xml:50:13-37
70            <intent-filter>
70-->src/main/AndroidManifest.xml:51:13-53:29
71                <action android:name="android.appwidget.action.APPWIDGET_UPDATE" />
71-->src/main/AndroidManifest.xml:52:17-84
71-->src/main/AndroidManifest.xml:52:25-81
72            </intent-filter>
73
74            <meta-data
74-->src/main/AndroidManifest.xml:54:13-56:67
75                android:name="android.appwidget.provider"
75-->src/main/AndroidManifest.xml:55:17-58
76                android:resource="@xml/credit_card_widget_info" />
76-->src/main/AndroidManifest.xml:56:17-64
77        </receiver>
78
79        <provider
80            android:name="androidx.core.content.FileProvider"
80-->src/main/AndroidManifest.xml:59:13-62
81            android:authorities="com.alvaronolasco.creditcardtracker.fileprovider"
81-->src/main/AndroidManifest.xml:60:13-64
82            android:exported="false"
82-->src/main/AndroidManifest.xml:61:13-37
83            android:grantUriPermissions="true" >
83-->src/main/AndroidManifest.xml:62:13-47
84            <meta-data
84-->src/main/AndroidManifest.xml:63:13-65:54
85                android:name="android.support.FILE_PROVIDER_PATHS"
85-->src/main/AndroidManifest.xml:64:17-67
86                android:resource="@xml/file_paths" />
86-->src/main/AndroidManifest.xml:65:17-51
87        </provider>
88
89        <activity
89-->[androidx.glance:glance-appwidget:1.0.0] AndroidManifest.xml:23:9-27:40
90            android:name="androidx.glance.appwidget.action.ActionTrampolineActivity"
90-->[androidx.glance:glance-appwidget:1.0.0] AndroidManifest.xml:24:13-85
91            android:enabled="true"
91-->[androidx.glance:glance-appwidget:1.0.0] AndroidManifest.xml:25:13-35
92            android:excludeFromRecents="true"
92-->[androidx.glance:glance-appwidget:1.0.0] AndroidManifest.xml:26:13-46
93            android:exported="false" />
93-->[androidx.glance:glance-appwidget:1.0.0] AndroidManifest.xml:27:13-37
94        <activity
94-->[androidx.glance:glance-appwidget:1.0.0] AndroidManifest.xml:28:9-35:81
95            android:name="androidx.glance.appwidget.action.InvisibleActionTrampolineActivity"
95-->[androidx.glance:glance-appwidget:1.0.0] AndroidManifest.xml:29:13-94
96            android:enabled="true"
96-->[androidx.glance:glance-appwidget:1.0.0] AndroidManifest.xml:30:13-35
97            android:exported="false"
97-->[androidx.glance:glance-appwidget:1.0.0] AndroidManifest.xml:31:13-37
98            android:launchMode="singleInstance"
98-->[androidx.glance:glance-appwidget:1.0.0] AndroidManifest.xml:32:13-48
99            android:noHistory="true"
99-->[androidx.glance:glance-appwidget:1.0.0] AndroidManifest.xml:33:13-37
100            android:taskAffinity="androidx.glance.appwidget.ListAdapterCallbackTrampoline"
100-->[androidx.glance:glance-appwidget:1.0.0] AndroidManifest.xml:34:13-91
101            android:theme="@style/Widget.Glance.AppWidget.CallbackTrampoline" />
101-->[androidx.glance:glance-appwidget:1.0.0] AndroidManifest.xml:35:13-78
102
103        <receiver
103-->[androidx.glance:glance-appwidget:1.0.0] AndroidManifest.xml:37:9-40:40
104            android:name="androidx.glance.appwidget.action.ActionCallbackBroadcastReceiver"
104-->[androidx.glance:glance-appwidget:1.0.0] AndroidManifest.xml:38:13-92
105            android:enabled="true"
105-->[androidx.glance:glance-appwidget:1.0.0] AndroidManifest.xml:39:13-35
106            android:exported="false" />
106-->[androidx.glance:glance-appwidget:1.0.0] AndroidManifest.xml:40:13-37
107        <receiver
107-->[androidx.glance:glance-appwidget:1.0.0] AndroidManifest.xml:41:9-48:20
108            android:name="androidx.glance.appwidget.MyPackageReplacedReceiver"
108-->[androidx.glance:glance-appwidget:1.0.0] AndroidManifest.xml:42:13-79
109            android:enabled="true"
109-->[androidx.glance:glance-appwidget:1.0.0] AndroidManifest.xml:43:13-35
110            android:exported="false" >
110-->[androidx.glance:glance-appwidget:1.0.0] AndroidManifest.xml:44:13-37
111            <intent-filter>
111-->[androidx.glance:glance-appwidget:1.0.0] AndroidManifest.xml:45:13-47:29
112                <action android:name="android.intent.action.MY_PACKAGE_REPLACED" />
112-->[androidx.glance:glance-appwidget:1.0.0] AndroidManifest.xml:46:17-84
112-->[androidx.glance:glance-appwidget:1.0.0] AndroidManifest.xml:46:25-81
113            </intent-filter>
114        </receiver>
115
116        <service
116-->[androidx.glance:glance-appwidget:1.0.0] AndroidManifest.xml:50:9-53:72
117            android:name="androidx.glance.appwidget.GlanceRemoteViewsService"
117-->[androidx.glance:glance-appwidget:1.0.0] AndroidManifest.xml:51:13-78
118            android:exported="true"
118-->[androidx.glance:glance-appwidget:1.0.0] AndroidManifest.xml:52:13-36
119            android:permission="android.permission.BIND_REMOTEVIEWS" />
119-->[androidx.glance:glance-appwidget:1.0.0] AndroidManifest.xml:53:13-69
120        <!--
121        Service for holding metadata. Cannot be instantiated.
122        Metadata will be merged from other manifests.
123        -->
124        <service
124-->[androidx.camera:camera-core:1.3.1] AndroidManifest.xml:29:9-33:78
125            android:name="androidx.camera.core.impl.MetadataHolderService"
125-->[androidx.camera:camera-core:1.3.1] AndroidManifest.xml:30:13-75
126            android:enabled="false"
126-->[androidx.camera:camera-core:1.3.1] AndroidManifest.xml:31:13-36
127            android:exported="false" >
127-->[androidx.camera:camera-core:1.3.1] AndroidManifest.xml:32:13-37
128            <meta-data
128-->[androidx.camera:camera-camera2:1.3.1] AndroidManifest.xml:30:13-32:89
129                android:name="androidx.camera.core.impl.MetadataHolderService.DEFAULT_CONFIG_PROVIDER"
129-->[androidx.camera:camera-camera2:1.3.1] AndroidManifest.xml:31:17-103
130                android:value="androidx.camera.camera2.Camera2Config$DefaultProvider" />
130-->[androidx.camera:camera-camera2:1.3.1] AndroidManifest.xml:32:17-86
131        </service>
132        <service
132-->[com.google.android.gms:play-services-mlkit-text-recognition-common:19.0.0] AndroidManifest.xml:9:9-15:19
133            android:name="com.google.mlkit.common.internal.MlKitComponentDiscoveryService"
133-->[com.google.android.gms:play-services-mlkit-text-recognition-common:19.0.0] AndroidManifest.xml:10:13-91
134            android:directBootAware="true"
134-->[com.google.mlkit:common:18.8.0] AndroidManifest.xml:17:13-43
135            android:exported="false" >
135-->[com.google.android.gms:play-services-mlkit-text-recognition-common:19.0.0] AndroidManifest.xml:11:13-37
136            <meta-data
136-->[com.google.android.gms:play-services-mlkit-text-recognition-common:19.0.0] AndroidManifest.xml:12:13-14:85
137                android:name="com.google.firebase.components:com.google.mlkit.vision.text.internal.TextRegistrar"
137-->[com.google.android.gms:play-services-mlkit-text-recognition-common:19.0.0] AndroidManifest.xml:13:17-114
138                android:value="com.google.firebase.components.ComponentRegistrar" />
138-->[com.google.android.gms:play-services-mlkit-text-recognition-common:19.0.0] AndroidManifest.xml:14:17-82
139            <meta-data
139-->[com.google.mlkit:vision-common:17.3.0] AndroidManifest.xml:12:13-14:85
140                android:name="com.google.firebase.components:com.google.mlkit.vision.common.internal.VisionCommonRegistrar"
140-->[com.google.mlkit:vision-common:17.3.0] AndroidManifest.xml:13:17-124
141                android:value="com.google.firebase.components.ComponentRegistrar" />
141-->[com.google.mlkit:vision-common:17.3.0] AndroidManifest.xml:14:17-82
142            <meta-data
142-->[com.google.mlkit:common:18.8.0] AndroidManifest.xml:20:13-22:85
143                android:name="com.google.firebase.components:com.google.mlkit.common.internal.CommonComponentRegistrar"
143-->[com.google.mlkit:common:18.8.0] AndroidManifest.xml:21:17-120
144                android:value="com.google.firebase.components.ComponentRegistrar" />
144-->[com.google.mlkit:common:18.8.0] AndroidManifest.xml:22:17-82
145        </service>
146
147        <provider
147-->[com.google.mlkit:common:18.8.0] AndroidManifest.xml:9:9-13:38
148            android:name="com.google.mlkit.common.internal.MlKitInitProvider"
148-->[com.google.mlkit:common:18.8.0] AndroidManifest.xml:10:13-78
149            android:authorities="com.alvaronolasco.creditcardtracker.mlkitinitprovider"
149-->[com.google.mlkit:common:18.8.0] AndroidManifest.xml:11:13-69
150            android:exported="false"
150-->[com.google.mlkit:common:18.8.0] AndroidManifest.xml:12:13-37
151            android:initOrder="99" />
151-->[com.google.mlkit:common:18.8.0] AndroidManifest.xml:13:13-35
152
153        <activity
153-->[com.google.android.gms:play-services-base:18.1.0] AndroidManifest.xml:20:9-22:45
154            android:name="com.google.android.gms.common.api.GoogleApiActivity"
154-->[com.google.android.gms:play-services-base:18.1.0] AndroidManifest.xml:20:19-85
155            android:exported="false"
155-->[com.google.android.gms:play-services-base:18.1.0] AndroidManifest.xml:22:19-43
156            android:theme="@android:style/Theme.Translucent.NoTitleBar" />
156-->[com.google.android.gms:play-services-base:18.1.0] AndroidManifest.xml:21:19-78
157        <activity
157-->[androidx.compose.ui:ui-tooling-android:1.6.1] AndroidManifest.xml:23:9-25:39
158            android:name="androidx.compose.ui.tooling.PreviewActivity"
158-->[androidx.compose.ui:ui-tooling-android:1.6.1] AndroidManifest.xml:24:13-71
159            android:exported="true" />
159-->[androidx.compose.ui:ui-tooling-android:1.6.1] AndroidManifest.xml:25:13-36
160        <activity
160-->[androidx.compose.ui:ui-test-manifest:1.6.1] AndroidManifest.xml:23:9-25:39
161            android:name="androidx.activity.ComponentActivity"
161-->[androidx.compose.ui:ui-test-manifest:1.6.1] AndroidManifest.xml:24:13-63
162            android:exported="true" />
162-->[androidx.compose.ui:ui-test-manifest:1.6.1] AndroidManifest.xml:25:13-36
163
164        <provider
164-->[androidx.work:work-runtime:2.7.1] AndroidManifest.xml:31:9-39:20
165            android:name="androidx.startup.InitializationProvider"
165-->[androidx.work:work-runtime:2.7.1] AndroidManifest.xml:32:13-67
166            android:authorities="com.alvaronolasco.creditcardtracker.androidx-startup"
166-->[androidx.work:work-runtime:2.7.1] AndroidManifest.xml:33:13-68
167            android:exported="false" >
167-->[androidx.work:work-runtime:2.7.1] AndroidManifest.xml:34:13-37
168            <meta-data
168-->[androidx.work:work-runtime:2.7.1] AndroidManifest.xml:36:13-38:52
169                android:name="androidx.work.WorkManagerInitializer"
169-->[androidx.work:work-runtime:2.7.1] AndroidManifest.xml:37:17-68
170                android:value="androidx.startup" />
170-->[androidx.work:work-runtime:2.7.1] AndroidManifest.xml:38:17-49
171            <meta-data
171-->[androidx.emoji2:emoji2:1.3.0] AndroidManifest.xml:29:13-31:52
172                android:name="androidx.emoji2.text.EmojiCompatInitializer"
172-->[androidx.emoji2:emoji2:1.3.0] AndroidManifest.xml:30:17-75
173                android:value="androidx.startup" />
173-->[androidx.emoji2:emoji2:1.3.0] AndroidManifest.xml:31:17-49
174            <meta-data
174-->[androidx.lifecycle:lifecycle-process:2.7.0] AndroidManifest.xml:29:13-31:52
175                android:name="androidx.lifecycle.ProcessLifecycleInitializer"
175-->[androidx.lifecycle:lifecycle-process:2.7.0] AndroidManifest.xml:30:17-78
176                android:value="androidx.startup" />
176-->[androidx.lifecycle:lifecycle-process:2.7.0] AndroidManifest.xml:31:17-49
177            <meta-data
177-->[androidx.profileinstaller:profileinstaller:1.3.1] AndroidManifest.xml:29:13-31:52
178                android:name="androidx.profileinstaller.ProfileInstallerInitializer"
178-->[androidx.profileinstaller:profileinstaller:1.3.1] AndroidManifest.xml:30:17-85
179                android:value="androidx.startup" />
179-->[androidx.profileinstaller:profileinstaller:1.3.1] AndroidManifest.xml:31:17-49
180        </provider>
181
182        <service
182-->[androidx.work:work-runtime:2.7.1] AndroidManifest.xml:41:9-46:35
183            android:name="androidx.work.impl.background.systemalarm.SystemAlarmService"
183-->[androidx.work:work-runtime:2.7.1] AndroidManifest.xml:42:13-88
184            android:directBootAware="false"
184-->[androidx.work:work-runtime:2.7.1] AndroidManifest.xml:43:13-44
185            android:enabled="@bool/enable_system_alarm_service_default"
185-->[androidx.work:work-runtime:2.7.1] AndroidManifest.xml:44:13-72
186            android:exported="false" />
186-->[androidx.work:work-runtime:2.7.1] AndroidManifest.xml:45:13-37
187        <service
187-->[androidx.work:work-runtime:2.7.1] AndroidManifest.xml:47:9-53:35
188            android:name="androidx.work.impl.background.systemjob.SystemJobService"
188-->[androidx.work:work-runtime:2.7.1] AndroidManifest.xml:48:13-84
189            android:directBootAware="false"
189-->[androidx.work:work-runtime:2.7.1] AndroidManifest.xml:49:13-44
190            android:enabled="@bool/enable_system_job_service_default"
190-->[androidx.work:work-runtime:2.7.1] AndroidManifest.xml:50:13-70
191            android:exported="true"
191-->[androidx.work:work-runtime:2.7.1] AndroidManifest.xml:51:13-36
192            android:permission="android.permission.BIND_JOB_SERVICE" />
192-->[androidx.work:work-runtime:2.7.1] AndroidManifest.xml:52:13-69
193        <service
193-->[androidx.work:work-runtime:2.7.1] AndroidManifest.xml:54:9-59:35
194            android:name="androidx.work.impl.foreground.SystemForegroundService"
194-->[androidx.work:work-runtime:2.7.1] AndroidManifest.xml:55:13-81
195            android:directBootAware="false"
195-->[androidx.work:work-runtime:2.7.1] AndroidManifest.xml:56:13-44
196            android:enabled="@bool/enable_system_foreground_service_default"
196-->[androidx.work:work-runtime:2.7.1] AndroidManifest.xml:57:13-77
197            android:exported="false" />
197-->[androidx.work:work-runtime:2.7.1] AndroidManifest.xml:58:13-37
198
199        <receiver
199-->[androidx.work:work-runtime:2.7.1] AndroidManifest.xml:61:9-66:35
200            android:name="androidx.work.impl.utils.ForceStopRunnable$BroadcastReceiver"
200-->[androidx.work:work-runtime:2.7.1] AndroidManifest.xml:62:13-88
201            android:directBootAware="false"
201-->[androidx.work:work-runtime:2.7.1] AndroidManifest.xml:63:13-44
202            android:enabled="true"
202-->[androidx.work:work-runtime:2.7.1] AndroidManifest.xml:64:13-35
203            android:exported="false" />
203-->[androidx.work:work-runtime:2.7.1] AndroidManifest.xml:65:13-37
204        <receiver
204-->[androidx.work:work-runtime:2.7.1] AndroidManifest.xml:67:9-77:20
205            android:name="androidx.work.impl.background.systemalarm.ConstraintProxy$BatteryChargingProxy"
205-->[androidx.work:work-runtime:2.7.1] AndroidManifest.xml:68:13-106
206            android:directBootAware="false"
206-->[androidx.work:work-runtime:2.7.1] AndroidManifest.xml:69:13-44
207            android:enabled="false"
207-->[androidx.work:work-runtime:2.7.1] AndroidManifest.xml:70:13-36
208            android:exported="false" >
208-->[androidx.work:work-runtime:2.7.1] AndroidManifest.xml:71:13-37
209            <intent-filter>
209-->[androidx.work:work-runtime:2.7.1] AndroidManifest.xml:73:13-76:29
210                <action android:name="android.intent.action.ACTION_POWER_CONNECTED" />
210-->[androidx.work:work-runtime:2.7.1] AndroidManifest.xml:74:17-87
210-->[androidx.work:work-runtime:2.7.1] AndroidManifest.xml:74:25-84
211                <action android:name="android.intent.action.ACTION_POWER_DISCONNECTED" />
211-->[androidx.work:work-runtime:2.7.1] AndroidManifest.xml:75:17-90
211-->[androidx.work:work-runtime:2.7.1] AndroidManifest.xml:75:25-87
212            </intent-filter>
213        </receiver>
214        <receiver
214-->[androidx.work:work-runtime:2.7.1] AndroidManifest.xml:78:9-88:20
215            android:name="androidx.work.impl.background.systemalarm.ConstraintProxy$BatteryNotLowProxy"
215-->[androidx.work:work-runtime:2.7.1] AndroidManifest.xml:79:13-104
216            android:directBootAware="false"
216-->[androidx.work:work-runtime:2.7.1] AndroidManifest.xml:80:13-44
217            android:enabled="false"
217-->[androidx.work:work-runtime:2.7.1] AndroidManifest.xml:81:13-36
218            android:exported="false" >
218-->[androidx.work:work-runtime:2.7.1] AndroidManifest.xml:82:13-37
219            <intent-filter>
219-->[androidx.work:work-runtime:2.7.1] AndroidManifest.xml:84:13-87:29
220                <action android:name="android.intent.action.BATTERY_OKAY" />
220-->[androidx.work:work-runtime:2.7.1] AndroidManifest.xml:85:17-77
220-->[androidx.work:work-runtime:2.7.1] AndroidManifest.xml:85:25-74
221                <action android:name="android.intent.action.BATTERY_LOW" />
221-->[androidx.work:work-runtime:2.7.1] AndroidManifest.xml:86:17-76
221-->[androidx.work:work-runtime:2.7.1] AndroidManifest.xml:86:25-73
222            </intent-filter>
223        </receiver>
224        <receiver
224-->[androidx.work:work-runtime:2.7.1] AndroidManifest.xml:89:9-99:20
225            android:name="androidx.work.impl.background.systemalarm.ConstraintProxy$StorageNotLowProxy"
225-->[androidx.work:work-runtime:2.7.1] AndroidManifest.xml:90:13-104
226            android:directBootAware="false"
226-->[androidx.work:work-runtime:2.7.1] AndroidManifest.xml:91:13-44
227            android:enabled="false"
227-->[androidx.work:work-runtime:2.7.1] AndroidManifest.xml:92:13-36
228            android:exported="false" >
228-->[androidx.work:work-runtime:2.7.1] AndroidManifest.xml:93:13-37
229            <intent-filter>
229-->[androidx.work:work-runtime:2.7.1] AndroidManifest.xml:95:13-98:29
230                <action android:name="android.intent.action.DEVICE_STORAGE_LOW" />
230-->[androidx.work:work-runtime:2.7.1] AndroidManifest.xml:96:17-83
230-->[androidx.work:work-runtime:2.7.1] AndroidManifest.xml:96:25-80
231                <action android:name="android.intent.action.DEVICE_STORAGE_OK" />
231-->[androidx.work:work-runtime:2.7.1] AndroidManifest.xml:97:17-82
231-->[androidx.work:work-runtime:2.7.1] AndroidManifest.xml:97:25-79
232            </intent-filter>
233        </receiver>
234        <receiver
234-->[androidx.work:work-runtime:2.7.1] AndroidManifest.xml:100:9-109:20
235            android:name="androidx.work.impl.background.systemalarm.ConstraintProxy$NetworkStateProxy"
235-->[androidx.work:work-runtime:2.7.1] AndroidManifest.xml:101:13-103
236            android:directBootAware="false"
236-->[androidx.work:work-runtime:2.7.1] AndroidManifest.xml:102:13-44
237            android:enabled="false"
237-->[androidx.work:work-runtime:2.7.1] AndroidManifest.xml:103:13-36
238            android:exported="false" >
238-->[androidx.work:work-runtime:2.7.1] AndroidManifest.xml:104:13-37
239            <intent-filter>
239-->[androidx.work:work-runtime:2.7.1] AndroidManifest.xml:106:13-108:29
240                <action android:name="android.net.conn.CONNECTIVITY_CHANGE" />
240-->[androidx.work:work-runtime:2.7.1] AndroidManifest.xml:107:17-79
240-->[androidx.work:work-runtime:2.7.1] AndroidManifest.xml:107:25-76
241            </intent-filter>
242        </receiver>
243        <receiver
243-->[androidx.work:work-runtime:2.7.1] AndroidManifest.xml:110:9-121:20
244            android:name="androidx.work.impl.background.systemalarm.RescheduleReceiver"
244-->[androidx.work:work-runtime:2.7.1] AndroidManifest.xml:111:13-88
245            android:directBootAware="false"
245-->[androidx.work:work-runtime:2.7.1] AndroidManifest.xml:112:13-44
246            android:enabled="false"
246-->[androidx.work:work-runtime:2.7.1] AndroidManifest.xml:113:13-36
247            android:exported="false" >
247-->[androidx.work:work-runtime:2.7.1] AndroidManifest.xml:114:13-37
248            <intent-filter>
248-->[androidx.work:work-runtime:2.7.1] AndroidManifest.xml:116:13-120:29
249                <action android:name="android.intent.action.BOOT_COMPLETED" />
249-->src/main/AndroidManifest.xml:44:17-79
249-->src/main/AndroidManifest.xml:44:25-76
250                <action android:name="android.intent.action.TIME_SET" />
250-->[androidx.work:work-runtime:2.7.1] AndroidManifest.xml:118:17-73
250-->[androidx.work:work-runtime:2.7.1] AndroidManifest.xml:118:25-70
251                <action android:name="android.intent.action.TIMEZONE_CHANGED" />
251-->[androidx.work:work-runtime:2.7.1] AndroidManifest.xml:119:17-81
251-->[androidx.work:work-runtime:2.7.1] AndroidManifest.xml:119:25-78
252            </intent-filter>
253        </receiver>
254        <receiver
254-->[androidx.work:work-runtime:2.7.1] AndroidManifest.xml:122:9-131:20
255            android:name="androidx.work.impl.background.systemalarm.ConstraintProxyUpdateReceiver"
255-->[androidx.work:work-runtime:2.7.1] AndroidManifest.xml:123:13-99
256            android:directBootAware="false"
256-->[androidx.work:work-runtime:2.7.1] AndroidManifest.xml:124:13-44
257            android:enabled="@bool/enable_system_alarm_service_default"
257-->[androidx.work:work-runtime:2.7.1] AndroidManifest.xml:125:13-72
258            android:exported="false" >
258-->[androidx.work:work-runtime:2.7.1] AndroidManifest.xml:126:13-37
259            <intent-filter>
259-->[androidx.work:work-runtime:2.7.1] AndroidManifest.xml:128:13-130:29
260                <action android:name="androidx.work.impl.background.systemalarm.UpdateProxies" />
260-->[androidx.work:work-runtime:2.7.1] AndroidManifest.xml:129:17-98
260-->[androidx.work:work-runtime:2.7.1] AndroidManifest.xml:129:25-95
261            </intent-filter>
262        </receiver>
263        <receiver
263-->[androidx.work:work-runtime:2.7.1] AndroidManifest.xml:132:9-142:20
264            android:name="androidx.work.impl.diagnostics.DiagnosticsReceiver"
264-->[androidx.work:work-runtime:2.7.1] AndroidManifest.xml:133:13-78
265            android:directBootAware="false"
265-->[androidx.work:work-runtime:2.7.1] AndroidManifest.xml:134:13-44
266            android:enabled="true"
266-->[androidx.work:work-runtime:2.7.1] AndroidManifest.xml:135:13-35
267            android:exported="true"
267-->[androidx.work:work-runtime:2.7.1] AndroidManifest.xml:136:13-36
268            android:permission="android.permission.DUMP" >
268-->[androidx.work:work-runtime:2.7.1] AndroidManifest.xml:137:13-57
269            <intent-filter>
269-->[androidx.work:work-runtime:2.7.1] AndroidManifest.xml:139:13-141:29
270                <action android:name="androidx.work.diagnostics.REQUEST_DIAGNOSTICS" />
270-->[androidx.work:work-runtime:2.7.1] AndroidManifest.xml:140:17-88
270-->[androidx.work:work-runtime:2.7.1] AndroidManifest.xml:140:25-85
271            </intent-filter>
272        </receiver>
273
274        <service
274-->[androidx.room:room-runtime:2.6.1] AndroidManifest.xml:24:9-28:63
275            android:name="androidx.room.MultiInstanceInvalidationService"
275-->[androidx.room:room-runtime:2.6.1] AndroidManifest.xml:25:13-74
276            android:directBootAware="true"
276-->[androidx.room:room-runtime:2.6.1] AndroidManifest.xml:26:13-43
277            android:exported="false" />
277-->[androidx.room:room-runtime:2.6.1] AndroidManifest.xml:27:13-37
278
279        <meta-data
279-->[com.google.android.gms:play-services-basement:18.1.0] AndroidManifest.xml:21:9-23:69
280            android:name="com.google.android.gms.version"
280-->[com.google.android.gms:play-services-basement:18.1.0] AndroidManifest.xml:22:13-58
281            android:value="@integer/google_play_services_version" />